0 info it worked if it ends with ok
1 verbose cli [ '/usr/local/Cellar/node/5.5.0/bin/node',
1 verbose cli   '/usr/local/bin/npm',
1 verbose cli   'install' ]
2 info using npm@3.5.3
3 info using node@v5.5.0
4 silly loadCurrentTree Starting
5 silly install loadCurrentTree
6 silly install readLocalPackageData
7 silly install normalizeTree
8 silly loadCurrentTree Finishing
9 silly loadIdealTree Starting
10 silly install loadIdealTree
11 silly cloneCurrentTree Starting
12 silly install cloneCurrentTreeToIdealTree
13 silly cloneCurrentTree Finishing
14 silly loadShrinkwrap Starting
15 silly install loadShrinkwrap
16 silly loadShrinkwrap Finishing
17 silly loadAllDepsIntoIdealTree Starting
18 silly install loadAllDepsIntoIdealTree
19 silly loadAllDepsIntoIdealTree Finishing
20 silly idealTree:prePrune brownbananas@1.0.0
21 silly loadIdealTree Finishing
22 silly currentTree brownbananas@1.0.0
23 silly idealTree brownbananas@1.0.0
24 silly generateActionsToTake Starting
25 silly install generateActionsToTake
26 silly generateActionsToTake Finishing
27 silly diffTrees action count 0
28 silly decomposeActions action count 0
29 silly executeActions Starting
30 silly install executeActions
31 silly doSerial global-install 0
32 silly doParallel fetch 0
33 verbose lock using /Users/Matt/.npm/_locks/staging-9105c5b8be55730d.lock for /Users/Matt/Desktop/Brown-Bananas/node_modules/.staging
34 silly doParallel extract 0
35 silly doParallel preinstall 0
36 silly doReverseSerial remove 0
37 silly doSerial move 0
38 silly doSerial finalize 0
39 silly doSerial build 0
40 silly doSerial global-link 0
41 silly doParallel update-linked 0
42 silly doSerial install 0
43 silly doSerial postinstall 0
44 verbose unlock done using /Users/Matt/.npm/_locks/staging-9105c5b8be55730d.lock for /Users/Matt/Desktop/Brown-Bananas/node_modules/.staging
45 silly executeActions Finishing
46 silly rollbackFailedOptional Starting
47 silly rollbackFailedOptional Finishing
48 silly runTopLevelLifecycles Starting
49 silly install runTopLevelLifecycles
50 silly preinstall brownbananas@1.0.0 /Users/Matt/Desktop/Brown-Bananas/brownbananas-ef74b441
51 info lifecycle brownbananas@1.0.0~preinstall: brownbananas@1.0.0
52 silly lifecycle brownbananas@1.0.0~preinstall: no script for preinstall, continuing
53 silly build brownbananas@1.0.0
54 info linkStuff brownbananas@1.0.0
55 silly linkStuff brownbananas@1.0.0 has /Users/Matt/Desktop as its parent node_modules
56 verbose linkBins brownbananas@1.0.0
57 verbose linkMans brownbananas@1.0.0
58 silly install brownbananas@1.0.0 /Users/Matt/Desktop/Brown-Bananas/brownbananas-ef74b441
59 info lifecycle brownbananas@1.0.0~install: brownbananas@1.0.0
60 silly lifecycle brownbananas@1.0.0~install: no script for install, continuing
61 silly postinstall brownbananas@1.0.0 /Users/Matt/Desktop/Brown-Bananas/brownbananas-ef74b441
62 info lifecycle brownbananas@1.0.0~postinstall: brownbananas@1.0.0
63 verbose lifecycle brownbananas@1.0.0~postinstall: unsafe-perm in lifecycle true
64 verbose lifecycle brownbananas@1.0.0~postinstall: PATH: /usr/local/lib/node_modules/npm/bin/node-gyp-bin:/Users/Matt/Desktop/Brown-Bananas/node_modules/.bin:/Users/Matt/.rbenv/shims:/Users/Matt/.rbenv/bin:/usr/local/bin:/usr/bin:/bin:/usr/sbin:/sbin:/Applications/Postgres.app/Contents/Versions/latest/bin
65 verbose lifecycle brownbananas@1.0.0~postinstall: CWD: /Users/Matt/Desktop/Brown-Bananas
66 silly lifecycle brownbananas@1.0.0~postinstall: Args: [ '-c', 'webpack' ]
67 silly lifecycle brownbananas@1.0.0~postinstall: Returned: code: 255  signal: null
68 info lifecycle brownbananas@1.0.0~postinstall: Failed to exec postinstall script
69 warn brownbananas@1.0.0 No repository field.
70 verbose stack Error: brownbananas@1.0.0 postinstall: `webpack`
70 verbose stack Exit status 255
70 verbose stack     at EventEmitter.<anonymous> (/usr/local/lib/node_modules/npm/lib/utils/lifecycle.js:232:16)
70 verbose stack     at emitTwo (events.js:100:13)
70 verbose stack     at EventEmitter.emit (events.js:185:7)
70 verbose stack     at ChildProcess.<anonymous> (/usr/local/lib/node_modules/npm/lib/utils/spawn.js:24:14)
70 verbose stack     at emitTwo (events.js:100:13)
70 verbose stack     at ChildProcess.emit (events.js:185:7)
70 verbose stack     at maybeClose (internal/child_process.js:821:16)
70 verbose stack     at Process.ChildProcess._handle.onexit (internal/child_process.js:211:5)
71 verbose pkgid brownbananas@1.0.0
72 verbose cwd /Users/Matt/Desktop/Brown-Bananas
73 error Darwin 15.4.0
74 error argv "/usr/local/Cellar/node/5.5.0/bin/node" "/usr/local/bin/npm" "install"
75 error node v5.5.0
76 error npm  v3.5.3
77 error code ELIFECYCLE
78 error brownbananas@1.0.0 postinstall: `webpack`
78 error Exit status 255
79 error Failed at the brownbananas@1.0.0 postinstall script 'webpack'.
79 error Make sure you have the latest version of node.js and npm installed.
79 error If you do, this is most likely a problem with the brownbananas package,
79 error not with npm itself.
79 error Tell the author that this fails on your system:
79 error     webpack
79 error You can get information on how to open an issue for this project with:
79 error     npm bugs brownbananas
79 error Or if that isn't available, you can get their info via:
79 error     npm owner ls brownbananas
79 error There is likely additional logging output above.
80 verbose exit [ 1, true ]
